00:39:03    0 ****************************************************
00:39:03    0 ** Dragonfly version 4.16 **
00:39:03    0 ** Game engine started **
00:39:03    0 ****************************************************
00:39:04    0 RM::loadSprite(): Loading sprite 'sprites/board_space_spr.txt'.
00:39:04    0 RM::loadSprite(): Sprite 'space' loaded.
00:39:04    0 RM::loadSprite(): Loading sprite 'sprites/train_up_normal.txt'.
00:39:04    0 RM::loadSprite(): Sprite 'train_up_n' loaded.
00:39:04    1 GameManager::run(): Can't keep up! frame_time 33 ms, split 57 ms
00:39:05   47 GameManager::run(): Can't keep up! frame_time 33 ms, split 112 ms
00:39:06   64 GameManager::run(): Can't keep up! frame_time 33 ms, split 150 ms
00:39:06   65 GameManager::run(): Can't keep up! frame_time 33 ms, split 60 ms
00:39:06   66 GameManager::run(): Can't keep up! frame_time 33 ms, split 53 ms
00:39:06   67 GameManager::run(): Can't keep up! frame_time 33 ms, split 79 ms
00:39:08  111 GameManager::run(): Can't keep up! frame_time 33 ms, split 34 ms
00:39:08  117 GameManager::run(): Can't keep up! frame_time 33 ms, split 107 ms
00:39:08  118 GameManager::run(): Can't keep up! frame_time 33 ms, split 39 ms
00:39:08  119 GameManager::run(): Can't keep up! frame_time 33 ms, split 42 ms
00:39:09  148 GameManager::run(): Can't keep up! frame_time 33 ms, split 35 ms
00:39:09  151 GameManager::run(): Can't keep up! frame_time 33 ms, split 42 ms
00:39:09  152 GameManager::run(): Can't keep up! frame_time 33 ms, split 40 ms
00:39:10  157 GameManager::run(): Can't keep up! frame_time 33 ms, split 37 ms
00:39:10  174 GameManager::run(): Can't keep up! frame_time 33 ms, split 35 ms
00:39:10  179 GameManager::run(): Can't keep up! frame_time 33 ms, split 34 ms
00:39:10  180 GameManager::run(): Can't keep up! frame_time 33 ms, split 33 ms
00:39:11  191 GameManager::run(): Can't keep up! frame_time 33 ms, split 36 ms
00:39:11  192 GameManager::run(): Can't keep up! frame_time 33 ms, split 34 ms
00:39:12  221 GameManager::run(): Can't keep up! frame_time 33 ms, split 35 ms
00:39:12  222 GameManager::run(): Can't keep up! frame_time 33 ms, split 33 ms
00:39:13  251 GameManager::run(): Can't keep up! frame_time 33 ms, split 33 ms
00:39:13  252 GameManager::run(): Can't keep up! frame_time 33 ms, split 41 ms
00:39:13  259 GameManager::run(): Can't keep up! frame_time 33 ms, split 33 ms
00:39:14  278 GameManager::run(): Can't keep up! frame_time 33 ms, split 37 ms
00:39:14  288 GameManager::run(): Can't keep up! frame_time 33 ms, split 33 ms
00:39:14  292 GameManager::run(): Can't keep up! frame_time 33 ms, split 37 ms
00:39:14  295 GameManager::run(): Can't keep up! frame_time 33 ms, split 34 ms
00:39:14  298 GameManager::run(): Can't keep up! frame_time 33 ms, split 37 ms
00:39:14  299 GameManager::run(): Can't keep up! frame_time 33 ms, split 42 ms
00:39:15  300 GameManager::run(): Can't keep up! frame_time 33 ms, split 40 ms
00:39:15  301 GameManager::run(): Can't keep up! frame_time 33 ms, split 33 ms
00:39:15  302 GameManager::run(): Can't keep up! frame_time 33 ms, split 34 ms
00:39:15  324 GameManager::run(): Can't keep up! frame_time 33 ms, split 38 ms
00:39:15  325 GameManager::run(): Can't keep up! frame_time 33 ms, split 39 ms
00:39:15  326 GameManager::run(): Can't keep up! frame_time 33 ms, split 37 ms
00:39:16  330 GameManager::run(): Can't keep up! frame_time 33 ms, split 40 ms
00:39:16  338 GameManager::run(): Can't keep up! frame_time 33 ms, split 33 ms
00:39:16  341 GameManager::run(): Can't keep up! frame_time 33 ms, split 39 ms
00:39:16  342 GameManager::run(): Can't keep up! frame_time 33 ms, split 42 ms
00:39:16  343 GameManager::run(): Can't keep up! frame_time 33 ms, split 35 ms
00:39:16  344 GameManager::run(): Can't keep up! frame_time 33 ms, split 36 ms
00:39:16  352 GameManager::run(): Can't keep up! frame_time 33 ms, split 37 ms
00:39:17  383 GameManager::run(): Can't keep up! frame_time 33 ms, split 33 ms
00:39:18  389 GameManager::run(): Can't keep up! frame_time 33 ms, split 41 ms
00:39:18  390 GameManager::run(): Can't keep up! frame_time 33 ms, split 39 ms
00:39:18  391 GameManager::run(): Can't keep up! frame_time 33 ms, split 41 ms
00:39:18  392 GameManager::run(): Can't keep up! frame_time 33 ms, split 40 ms
00:39:18  393 GameManager::run(): Can't keep up! frame_time 33 ms, split 38 ms
00:39:18  394 GameManager::run(): Can't keep up! frame_time 33 ms, split 37 ms
00:39:18  395 GameManager::run(): Can't keep up! frame_time 33 ms, split 42 ms
00:39:18  396 GameManager::run(): Can't keep up! frame_time 33 ms, split 34 ms
00:39:18  397 GameManager::run(): Can't keep up! frame_time 33 ms, split 37 ms
00:39:18  400 GameManager::run(): Can't keep up! frame_time 33 ms, split 34 ms
00:39:18  401 GameManager::run(): Can't keep up! frame_time 33 ms, split 35 ms
00:39:18  402 GameManager::run(): Can't keep up! frame_time 33 ms, split 41 ms
00:39:18  405 GameManager::run(): Can't keep up! frame_time 33 ms, split 34 ms
00:39:19  424 GameManager::run(): Can't keep up! frame_time 33 ms, split 38 ms
00:39:19  430 GameManager::run(): Can't keep up! frame_time 33 ms, split 36 ms
00:39:19  442 GameManager::run(): Can't keep up! frame_time 33 ms, split 36 ms
00:39:20  449 GameManager::run(): Can't keep up! frame_time 33 ms, split 35 ms
00:39:20  450 GameManager::run(): Can't keep up! frame_time 33 ms, split 41 ms
00:39:20  451 GameManager::run(): Can't keep up! frame_time 33 ms, split 42 ms
00:39:20  452 GameManager::run(): Can't keep up! frame_time 33 ms, split 42 ms
00:39:20  453 GameManager::run(): Can't keep up! frame_time 33 ms, split 48 ms
00:39:20  463 GameManager::run(): Can't keep up! frame_time 33 ms, split 34 ms
00:39:21  473 GameManager::run(): Can't keep up! frame_time 33 ms, split 37 ms
00:39:21  477 GameManager::run(): Can't keep up! frame_time 33 ms, split 45 ms
00:39:21  478 GameManager::run(): Can't keep up! frame_time 33 ms, split 41 ms
00:39:21  479 GameManager::run(): Can't keep up! frame_time 33 ms, split 38 ms
00:39:21  480 GameManager::run(): Can't keep up! frame_time 33 ms, split 36 ms
00:39:21  481 GameManager::run(): Can't keep up! frame_time 33 ms, split 37 ms
00:39:21  482 GameManager::run(): Can't keep up! frame_time 33 ms, split 41 ms
00:39:21  483 GameManager::run(): Can't keep up! frame_time 33 ms, split 37 ms
00:39:21  484 GameManager::run(): Can't keep up! frame_time 33 ms, split 37 ms
00:39:21  485 GameManager::run(): Can't keep up! frame_time 33 ms, split 41 ms
00:39:21  486 GameManager::run(): Can't keep up! frame_time 33 ms, split 41 ms
00:39:21  487 GameManager::run(): Can't keep up! frame_time 33 ms, split 46 ms
00:39:21  488 GameManager::run(): Can't keep up! frame_time 33 ms, split 39 ms
00:39:21  489 GameManager::run(): Can't keep up! frame_time 33 ms, split 36 ms
00:39:21  490 GameManager::run(): Can't keep up! frame_time 33 ms, split 37 ms
00:39:21  491 GameManager::run(): Can't keep up! frame_time 33 ms, split 33 ms
00:39:21  492 GameManager::run(): Can't keep up! frame_time 33 ms, split 40 ms
00:39:21  493 GameManager::run(): Can't keep up! frame_time 33 ms, split 36 ms
00:39:21  496 GameManager::run(): Can't keep up! frame_time 33 ms, split 34 ms
00:39:21  497 GameManager::run(): Can't keep up! frame_time 33 ms, split 44 ms
00:39:21  498 GameManager::run(): Can't keep up! frame_time 33 ms, split 44 ms
00:39:22  499 GameManager::run(): Can't keep up! frame_time 33 ms, split 42 ms
00:39:22  500 GameManager::run(): Can't keep up! frame_time 33 ms, split 36 ms
00:39:22  501 GameManager::run(): Can't keep up! frame_time 33 ms, split 34 ms
00:39:22  517 GameManager::run(): Can't keep up! frame_time 33 ms, split 40 ms
00:39:22  518 GameManager::run(): Can't keep up! frame_time 33 ms, split 39 ms
00:39:23  532 GameManager::run(): Can't keep up! frame_time 33 ms, split 35 ms
00:39:23  533 GameManager::run(): Can't keep up! frame_time 33 ms, split 33 ms
00:39:24  565 GameManager::run(): Can't keep up! frame_time 33 ms, split 36 ms
00:39:24  566 GameManager::run(): Can't keep up! frame_time 33 ms, split 33 ms
00:39:24  567 GameManager::run(): Can't keep up! frame_time 33 ms, split 42 ms
00:39:24  570 GameManager::run(): Can't keep up! frame_time 33 ms, split 47 ms
00:39:24  571 GameManager::run(): Can't keep up! frame_time 33 ms, split 39 ms
00:39:24  572 GameManager::run(): Can't keep up! frame_time 33 ms, split 39 ms
00:39:24  573 GameManager::run(): Can't keep up! frame_time 33 ms, split 44 ms
00:39:24  574 GameManager::run(): Can't keep up! frame_time 33 ms, split 42 ms
00:39:24  579 GameManager::run(): Can't keep up! frame_time 33 ms, split 44 ms
00:39:24  580 GameManager::run(): Can't keep up! frame_time 33 ms, split 38 ms
00:39:24  581 GameManager::run(): Can't keep up! frame_time 33 ms, split 44 ms
00:39:24  585 GameManager::run(): Can't keep up! frame_time 33 ms, split 34 ms
00:39:25  588 GameManager::run(): Can't keep up! frame_time 33 ms, split 34 ms
00:39:25  589 GameManager::run(): Can't keep up! frame_time 33 ms, split 33 ms
00:39:25  592 GameManager::run(): Can't keep up! frame_time 33 ms, split 35 ms
00:39:25  595 GameManager::run(): Can't keep up! frame_time 33 ms, split 40 ms
00:39:25  600 GameManager::run(): Can't keep up! frame_time 33 ms, split 39 ms
00:39:25  601 GameManager::run(): Can't keep up! frame_time 33 ms, split 38 ms
00:39:25  602 GameManager::run(): Can't keep up! frame_time 33 ms, split 33 ms
00:39:25  603 GameManager::run(): Can't keep up! frame_time 33 ms, split 34 ms
00:39:25  604 GameManager::run(): Can't keep up! frame_time 33 ms, split 36 ms
00:39:25  605 GameManager::run(): Can't keep up! frame_time 33 ms, split 40 ms
00:39:25  606 GameManager::run(): Can't keep up! frame_time 33 ms, split 34 ms
00:39:25  607 GameManager::run(): Can't keep up! frame_time 33 ms, split 35 ms
00:39:25  610 GameManager::run(): Can't keep up! frame_time 33 ms, split 33 ms
00:39:25  611 GameManager::run(): Can't keep up! frame_time 33 ms, split 36 ms
00:39:26  617 GameManager::run(): Can't keep up! frame_time 33 ms, split 36 ms
00:39:26  618 GameManager::run(): Can't keep up! frame_time 33 ms, split 43 ms
00:39:26  619 GameManager::run(): Can't keep up! frame_time 33 ms, split 38 ms
00:39:26  620 GameManager::run(): Can't keep up! frame_time 33 ms, split 33 ms
00:39:26  621 GameManager::run(): Can't keep up! frame_time 33 ms, split 40 ms
00:39:26  622 GameManager::run(): Can't keep up! frame_time 33 ms, split 40 ms
00:39:26  623 GameManager::run(): Can't keep up! frame_time 33 ms, split 35 ms
00:39:26  624 GameManager::run(): Can't keep up! frame_time 33 ms, split 36 ms
00:39:26  625 GameManager::run(): Can't keep up! frame_time 33 ms, split 42 ms
00:39:26  626 GameManager::run(): Can't keep up! frame_time 33 ms, split 40 ms
00:39:26  627 GameManager::run(): Can't keep up! frame_time 33 ms, split 38 ms
00:39:26  628 GameManager::run(): Can't keep up! frame_time 33 ms, split 40 ms
00:39:26  629 GameManager::run(): Can't keep up! frame_time 33 ms, split 37 ms
00:39:26  630 GameManager::run(): Can't keep up! frame_time 33 ms, split 35 ms
00:39:26  633 GameManager::run(): Can't keep up! frame_time 33 ms, split 38 ms
00:39:26  634 GameManager::run(): Can't keep up! frame_time 33 ms, split 39 ms
00:39:26  635 GameManager::run(): Can't keep up! frame_time 33 ms, split 39 ms
00:39:26  636 GameManager::run(): Can't keep up! frame_time 33 ms, split 33 ms
00:39:26  637 GameManager::run(): Can't keep up! frame_time 33 ms, split 35 ms
00:39:26  640 GameManager::run(): Can't keep up! frame_time 33 ms, split 41 ms
00:39:27  641 GameManager::run(): Can't keep up! frame_time 33 ms, split 38 ms
00:39:27  642 GameManager::run(): Can't keep up! frame_time 33 ms, split 41 ms
00:39:27  643 GameManager::run(): Can't keep up! frame_time 33 ms, split 44 ms
00:39:27  647 GameManager::run(): Can't keep up! frame_time 33 ms, split 38 ms
00:39:27  648 GameManager::run(): Can't keep up! frame_time 33 ms, split 38 ms
00:39:27  649 GameManager::run(): Can't keep up! frame_time 33 ms, split 39 ms
00:39:27  650 GameManager::run(): Can't keep up! frame_time 33 ms, split 41 ms
00:39:27  651 GameManager::run(): Can't keep up! frame_time 33 ms, split 38 ms
00:39:27  654 GameManager::run(): Can't keep up! frame_time 33 ms, split 40 ms
00:39:27  655 GameManager::run(): Can't keep up! frame_time 33 ms, split 52 ms
00:39:27  656 GameManager::run(): Can't keep up! frame_time 33 ms, split 33 ms
00:39:27  657 GameManager::run(): Can't keep up! frame_time 33 ms, split 35 ms
00:39:27  660 GameManager::run(): Can't keep up! frame_time 33 ms, split 38 ms
00:39:27  661 GameManager::run(): Can't keep up! frame_time 33 ms, split 35 ms
00:39:27  666 GameManager::run(): Can't keep up! frame_time 33 ms, split 36 ms
00:39:28  673 GameManager::run(): Can't keep up! frame_time 33 ms, split 41 ms
00:39:28  674 GameManager::run(): Can't keep up! frame_time 33 ms, split 39 ms
00:39:28  675 GameManager::run(): Can't keep up! frame_time 33 ms, split 44 ms
00:39:28  676 GameManager::run(): Can't keep up! frame_time 33 ms, split 43 ms
00:39:28  677 GameManager::run(): Can't keep up! frame_time 33 ms, split 48 ms
00:39:28  678 GameManager::run(): Can't keep up! frame_time 33 ms, split 41 ms
00:39:28  679 GameManager::run(): Can't keep up! frame_time 33 ms, split 39 ms
00:39:28  680 GameManager::run(): Can't keep up! frame_time 33 ms, split 37 ms
00:39:28  681 GameManager::run(): Can't keep up! frame_time 33 ms, split 36 ms
00:39:28  682 GameManager::run(): Can't keep up! frame_time 33 ms, split 34 ms
00:39:28  683 GameManager::run(): Can't keep up! frame_time 33 ms, split 39 ms
00:39:28  684 GameManager::run(): Can't keep up! frame_time 33 ms, split 37 ms
00:39:28  685 GameManager::run(): Can't keep up! frame_time 33 ms, split 38 ms
00:39:28  686 GameManager::run(): Can't keep up! frame_time 33 ms, split 34 ms
00:39:28  689 GameManager::run(): Can't keep up! frame_time 33 ms, split 35 ms
00:39:29  695 GameManager::run(): Can't keep up! frame_time 33 ms, split 43 ms
00:39:29  696 GameManager::run(): Can't keep up! frame_time 33 ms, split 42 ms
00:39:29  697 GameManager::run(): Can't keep up! frame_time 33 ms, split 42 ms
00:39:29  698 GameManager::run(): Can't keep up! frame_time 33 ms, split 41 ms
00:39:29  699 GameManager::run(): Can't keep up! frame_time 33 ms, split 40 ms
00:39:29  700 GameManager::run(): Can't keep up! frame_time 33 ms, split 47 ms
00:39:29  701 GameManager::run(): Can't keep up! frame_time 33 ms, split 47 ms
00:39:29  705 GameManager::run(): Can't keep up! frame_time 33 ms, split 44 ms
00:39:29  706 GameManager::run(): Can't keep up! frame_time 33 ms, split 34 ms
00:39:29  710 GameManager::run(): Can't keep up! frame_time 33 ms, split 41 ms
00:39:29  711 GameManager::run(): Can't keep up! frame_time 33 ms, split 35 ms
00:39:29  712 GameManager::run(): Can't keep up! frame_time 33 ms, split 34 ms
00:39:29  713 GameManager::run(): Can't keep up! frame_time 33 ms, split 39 ms
00:39:29  714 GameManager::run(): Can't keep up! frame_time 33 ms, split 41 ms
00:39:29  715 GameManager::run(): Can't keep up! frame_time 33 ms, split 38 ms
00:39:29  716 GameManager::run(): Can't keep up! frame_time 33 ms, split 41 ms
00:39:29  717 GameManager::run(): Can't keep up! frame_time 33 ms, split 44 ms
00:39:29  718 GameManager::run(): Can't keep up! frame_time 33 ms, split 41 ms
00:39:29  719 GameManager::run(): Can't keep up! frame_time 33 ms, split 38 ms
00:39:30  723 GameManager::run(): Can't keep up! frame_time 33 ms, split 40 ms
00:39:30  724 GameManager::run(): Can't keep up! frame_time 33 ms, split 33 ms
00:39:30  725 GameManager::run(): Can't keep up! frame_time 33 ms, split 38 ms
00:39:30  726 GameManager::run(): Can't keep up! frame_time 33 ms, split 44 ms
00:39:30  727 GameManager::run(): Can't keep up! frame_time 33 ms, split 49 ms
00:39:30  728 GameManager::run(): Can't keep up! frame_time 33 ms, split 41 ms
00:39:30  729 GameManager::run(): Can't keep up! frame_time 33 ms, split 37 ms
00:39:30  733 GameManager::run(): Can't keep up! frame_time 33 ms, split 39 ms
00:39:30  734 GameManager::run(): Can't keep up! frame_time 33 ms, split 40 ms
00:39:30  735 GameManager::run(): Can't keep up! frame_time 33 ms, split 38 ms
00:39:30  736 GameManager::run(): Can't keep up! frame_time 33 ms, split 35 ms
00:39:30  738 GameManager::run(): Can't keep up! frame_time 33 ms, split 33 ms
00:39:30  739 GameManager::run(): Can't keep up! frame_time 33 ms, split 35 ms
00:39:30  740 GameManager::run(): Can't keep up! frame_time 33 ms, split 33 ms
00:39:30  741 GameManager::run(): Can't keep up! frame_time 33 ms, split 33 ms
00:39:30  742 GameManager::run(): Can't keep up! frame_time 33 ms, split 37 ms
00:39:30  745 GameManager::run(): Can't keep up! frame_time 33 ms, split 48 ms
00:39:32  794 GameManager::run(): Can't keep up! frame_time 33 ms, split 50 ms
00:39:32  795 GameManager::run(): Can't keep up! frame_time 33 ms, split 42 ms
00:39:32  796 GameManager::run(): Can't keep up! frame_time 33 ms, split 38 ms
00:39:32  797 GameManager::run(): Can't keep up! frame_time 33 ms, split 33 ms
00:39:32  798 GameManager::run(): Can't keep up! frame_time 33 ms, split 35 ms
00:39:32  799 GameManager::run(): Can't keep up! frame_time 33 ms, split 42 ms
00:39:32  800 GameManager::run(): Can't keep up! frame_time 33 ms, split 43 ms
00:39:32  801 GameManager::run(): Can't keep up! frame_time 33 ms, split 41 ms
00:39:32  805 GameManager::run(): Can't keep up! frame_time 33 ms, split 46 ms
00:39:33  806 GameManager::run(): Can't keep up! frame_time 33 ms, split 37 ms
00:39:33  807 GameManager::run(): Can't keep up! frame_time 33 ms, split 35 ms
00:39:33  808 GameManager::run(): Can't keep up! frame_time 33 ms, split 34 ms
00:39:33  809 GameManager::run(): Can't keep up! frame_time 33 ms, split 35 ms
00:39:33  810 GameManager::run(): Can't keep up! frame_time 33 ms, split 33 ms
00:39:33  811 GameManager::run(): Can't keep up! frame_time 33 ms, split 35 ms
00:39:33  812 GameManager::run(): Can't keep up! frame_time 33 ms, split 40 ms
00:39:33  813 GameManager::run(): Can't keep up! frame_time 33 ms, split 36 ms
00:39:33  814 GameManager::run(): Can't keep up! frame_time 33 ms, split 38 ms
00:39:33  817 GameManager::run(): Can't keep up! frame_time 33 ms, split 38 ms
00:39:33  820 GameManager::run(): Can't keep up! frame_time 33 ms, split 35 ms
00:39:33  821 GameManager::run(): Can't keep up! frame_time 33 ms, split 39 ms
00:39:33  824 GameManager::run(): Can't keep up! frame_time 33 ms, split 37 ms
00:39:33  825 GameManager::run(): Can't keep up! frame_time 33 ms, split 33 ms
00:39:33  829 GameManager::run(): Can't keep up! frame_time 33 ms, split 33 ms
00:39:33  830 GameManager::run(): Can't keep up! frame_time 33 ms, split 33 ms
00:39:33  831 GameManager::run(): Can't keep up! frame_time 33 ms, split 34 ms
00:39:34  834 GameManager::run(): Can't keep up! frame_time 33 ms, split 34 ms
00:39:34  835 GameManager::run(): Can't keep up! frame_time 33 ms, split 42 ms
00:39:34  836 GameManager::run(): Can't keep up! frame_time 33 ms, split 39 ms
00:39:34  837 GameManager::run(): Can't keep up! frame_time 33 ms, split 37 ms
00:39:34  838 GameManager::run(): Can't keep up! frame_time 33 ms, split 40 ms
00:39:34  839 GameManager::run(): Can't keep up! frame_time 33 ms, split 41 ms
00:39:34  845 GameManager::run(): Can't keep up! frame_time 33 ms, split 38 ms
00:39:34  846 GameManager::run(): Can't keep up! frame_time 33 ms, split 42 ms
00:39:34  847 GameManager::run(): Can't keep up! frame_time 33 ms, split 37 ms
00:39:34  848 GameManager::run(): Can't keep up! frame_time 33 ms, split 33 ms
00:39:34  849 GameManager::run(): Can't keep up! frame_time 33 ms, split 34 ms
00:39:34  850 GameManager::run(): Can't keep up! frame_time 33 ms, split 45 ms
00:39:35  882 GameManager::run(): Can't keep up! frame_time 33 ms, split 39 ms
00:39:35  883 GameManager::run(): Can't keep up! frame_time 33 ms, split 42 ms
00:39:35  884 GameManager::run(): Can't keep up! frame_time 33 ms, split 38 ms
00:39:35  885 GameManager::run(): Can't keep up! frame_time 33 ms, split 38 ms
00:39:35  886 GameManager::run(): Can't keep up! frame_time 33 ms, split 40 ms
00:39:35  887 GameManager::run(): Can't keep up! frame_time 33 ms, split 40 ms
00:39:35  888 GameManager::run(): Can't keep up! frame_time 33 ms, split 39 ms
00:39:36  898 GameManager::run(): Can't keep up! frame_time 33 ms, split 33 ms
00:39:36  903 GameManager::run(): Can't keep up! frame_time 33 ms, split 35 ms
00:39:36  904 GameManager::run(): Can't keep up! frame_time 33 ms, split 34 ms
00:39:36  907 GameManager::run(): Can't keep up! frame_time 33 ms, split 36 ms
00:39:36  910 GameManager::run(): Can't keep up! frame_time 33 ms, split 33 ms
00:39:36  913 GameManager::run(): Can't keep up! frame_time 33 ms, split 35 ms
00:39:36  914 GameManager::run(): Can't keep up! frame_time 33 ms, split 33 ms
00:39:37  922 GameManager::run(): Can't keep up! frame_time 33 ms, split 35 ms
00:39:37  929 GameManager::run(): Can't keep up! frame_time 33 ms, split 38 ms
00:39:37  932 GameManager::run(): Can't keep up! frame_time 33 ms, split 38 ms
00:39:37  937 GameManager::run(): Can't keep up! frame_time 33 ms, split 37 ms
00:39:37  938 GameManager::run(): Can't keep up! frame_time 33 ms, split 38 ms
00:39:37  941 GameManager::run(): Can't keep up! frame_time 33 ms, split 35 ms
00:39:37  945 GameManager::run(): Can't keep up! frame_time 33 ms, split 42 ms
00:39:37  946 GameManager::run(): Can't keep up! frame_time 33 ms, split 42 ms
00:39:37  947 GameManager::run(): Can't keep up! frame_time 33 ms, split 45 ms
00:39:37  948 GameManager::run(): Can't keep up! frame_time 33 ms, split 40 ms
00:39:38  949 GameManager::run(): Can't keep up! frame_time 33 ms, split 35 ms
00:39:38  950 GameManager::run(): Can't keep up! frame_time 33 ms, split 36 ms
00:39:38  951 GameManager::run(): Can't keep up! frame_time 33 ms, split 43 ms
00:39:38  952 GameManager::run(): Can't keep up! frame_time 33 ms, split 37 ms
00:39:38  953 GameManager::run(): Can't keep up! frame_time 33 ms, split 41 ms
00:39:38  954 GameManager::run(): Can't keep up! frame_time 33 ms, split 45 ms
00:39:38  955 GameManager::run(): Can't keep up! frame_time 33 ms, split 38 ms
00:39:38  960 GameManager::run(): Can't keep up! frame_time 33 ms, split 38 ms
00:39:38  961 GameManager::run(): Can't keep up! frame_time 33 ms, split 39 ms
00:39:38  962 GameManager::run(): Can't keep up! frame_time 33 ms, split 40 ms
00:39:38  963 GameManager::run(): Can't keep up! frame_time 33 ms, split 36 ms
00:39:38  964 GameManager::run(): Can't keep up! frame_time 33 ms, split 33 ms
00:39:38  965 GameManager::run(): Can't keep up! frame_time 33 ms, split 37 ms
00:39:38  966 GameManager::run(): Can't keep up! frame_time 33 ms, split 39 ms
00:39:38  967 GameManager::run(): Can't keep up! frame_time 33 ms, split 34 ms
00:39:38  968 GameManager::run(): Can't keep up! frame_time 33 ms, split 33 ms
00:39:38  969 GameManager::run(): Can't keep up! frame_time 33 ms, split 33 ms
00:39:38  973 GameManager::run(): Can't keep up! frame_time 33 ms, split 50 ms
00:39:38  974 GameManager::run(): Can't keep up! frame_time 33 ms, split 39 ms
00:39:39  977 GameManager::run(): Can't keep up! frame_time 33 ms, split 33 ms
00:39:39  978 GameManager::run(): Can't keep up! frame_time 33 ms, split 34 ms
00:39:39  981 GameManager::run(): Can't keep up! frame_time 33 ms, split 37 ms
00:39:39  982 GameManager::run(): Can't keep up! frame_time 33 ms, split 51 ms
00:39:39  983 GameManager::run(): Can't keep up! frame_time 33 ms, split 38 ms
00:39:39  987 GameManager::run(): Can't keep up! frame_time 33 ms, split 38 ms
00:39:39  988 GameManager::run(): Can't keep up! frame_time 33 ms, split 35 ms
00:39:39  989 GameManager::run(): Can't keep up! frame_time 33 ms, split 35 ms
00:39:39  990 GameManager::run(): Can't keep up! frame_time 33 ms, split 37 ms
00:39:39  991 GameManager::run(): Can't keep up! frame_time 33 ms, split 41 ms
00:39:39  994 GameManager::run(): Can't keep up! frame_time 33 ms, split 39 ms
00:39:39  995 GameManager::run(): Can't keep up! frame_time 33 ms, split 44 ms
00:39:39  996 GameManager::run(): Can't keep up! frame_time 33 ms, split 35 ms
00:39:39  997 GameManager::run(): Can't keep up! frame_time 33 ms, split 33 ms
00:39:39  998 GameManager::run(): Can't keep up! frame_time 33 ms, split 43 ms
00:39:39  999 GameManager::run(): Can't keep up! frame_time 33 ms, split 39 ms
00:39:39 1000 GameManager::run(): Can't keep up! frame_time 33 ms, split 44 ms
00:39:40 1003 GameManager::run(): Can't keep up! frame_time 33 ms, split 45 ms
00:39:40 1004 GameManager::run(): Can't keep up! frame_time 33 ms, split 40 ms
00:39:40 1011 GameManager::run(): Can't keep up! frame_time 33 ms, split 34 ms
00:39:40 1031 GameManager::run(): Can't keep up! frame_time 33 ms, split 33 ms
00:39:41 1041 GameManager::run(): Can't keep up! frame_time 33 ms, split 34 ms
00:39:41 1048 GameManager::run(): Can't keep up! frame_time 33 ms, split 38 ms
00:39:42 1078 GameManager::run(): Can't keep up! frame_time 33 ms, split 34 ms
00:39:44 1150 GameManager::run(): Can't keep up! frame_time 33 ms, split 38 ms
00:39:44 1151 GameManager::run(): Can't keep up! frame_time 33 ms, split 36 ms
00:39:45 1152 GameManager::run(): Can't keep up! frame_time 33 ms, split 38 ms
00:39:45 1153 GameManager::run(): Can't keep up! frame_time 33 ms, split 38 ms
00:39:45 1154 GameManager::run(): Can't keep up! frame_time 33 ms, split 34 ms
00:39:45 1155 GameManager::run(): Can't keep up! frame_time 33 ms, split 36 ms
00:39:45 1156 GameManager::run(): Can't keep up! frame_time 33 ms, split 38 ms
00:39:45 1157 GameManager::run(): Can't keep up! frame_time 33 ms, split 35 ms
00:39:45 1158 GameManager::run(): Can't keep up! frame_time 33 ms, split 35 ms
00:39:45 1159 GameManager::run(): Can't keep up! frame_time 33 ms, split 37 ms
00:39:45 1160 GameManager::run(): Can't keep up! frame_time 33 ms, split 40 ms
00:39:45 1161 GameManager::run(): Can't keep up! frame_time 33 ms, split 39 ms
00:39:45 1162 GameManager::run(): Can't keep up! frame_time 33 ms, split 42 ms
00:39:45 1163 GameManager::run(): Can't keep up! frame_time 33 ms, split 44 ms
00:39:45 1164 GameManager::run(): Can't keep up! frame_time 33 ms, split 44 ms
00:39:45 1165 GameManager::run(): Can't keep up! frame_time 33 ms, split 35 ms
00:39:45 1169 GameManager::run(): Can't keep up! frame_time 33 ms, split 42 ms
00:39:45 1170 GameManager::run(): Can't keep up! frame_time 33 ms, split 39 ms
00:39:45 1171 GameManager::run(): Can't keep up! frame_time 33 ms, split 37 ms
00:39:45 1172 GameManager::run(): Can't keep up! frame_time 33 ms, split 38 ms
00:39:45 1175 GameManager::run(): Can't keep up! frame_time 33 ms, split 33 ms
00:39:45 1176 GameManager::run(): Can't keep up! frame_time 33 ms, split 36 ms
00:39:46 1179 GameManager::run(): Can't keep up! frame_time 33 ms, split 36 ms
00:39:46 1182 GameManager::run(): Can't keep up! frame_time 33 ms, split 48 ms
00:39:46 1183 GameManager::run(): Can't keep up! frame_time 33 ms, split 40 ms
00:39:46 1197 GameManager::run(): Can't keep up! frame_time 33 ms, split 34 ms
00:39:46 1198 GameManager::run(): Can't keep up! frame_time 33 ms, split 33 ms
00:39:46 1200 GameManager::run(): Can't keep up! frame_time 33 ms, split 36 ms
00:39:46 1201 GameManager::run(): Can't keep up! frame_time 33 ms, split 38 ms
00:39:46 1202 GameManager::run(): Can't keep up! frame_time 33 ms, split 40 ms
00:39:46 1203 GameManager::run(): Can't keep up! frame_time 33 ms, split 41 ms
00:39:46 1204 GameManager::run(): Can't keep up! frame_time 33 ms, split 38 ms
00:39:47 1208 GameManager::run(): Can't keep up! frame_time 33 ms, split 38 ms
00:39:47 1209 GameManager::run(): Can't keep up! frame_time 33 ms, split 39 ms
00:39:47 1213 GameManager::run(): Can't keep up! frame_time 33 ms, split 40 ms
00:39:47 1217 GameManager::run(): Can't keep up! frame_time 33 ms, split 33 ms
00:39:47 1218 GameManager::run(): Can't keep up! frame_time 33 ms, split 36 ms
00:39:47 1221 GameManager::run(): Can't keep up! frame_time 33 ms, split 35 ms
00:39:47 1222 GameManager::run(): Can't keep up! frame_time 33 ms, split 35 ms
00:39:47 1225 GameManager::run(): Can't keep up! frame_time 33 ms, split 33 ms
00:39:47 1226 GameManager::run(): Can't keep up! frame_time 33 ms, split 34 ms
00:39:47 1227 GameManager::run(): Can't keep up! frame_time 33 ms, split 38 ms
00:39:47 1228 GameManager::run(): Can't keep up! frame_time 33 ms, split 37 ms
00:39:47 1231 GameManager::run(): Can't keep up! frame_time 33 ms, split 36 ms
00:39:47 1232 GameManager::run(): Can't keep up! frame_time 33 ms, split 37 ms
00:39:48 1247 GameManager::run(): Can't keep up! frame_time 33 ms, split 35 ms
00:39:48 1248 GameManager::run(): Can't keep up! frame_time 33 ms, split 39 ms
00:39:48 1249 GameManager::run(): Can't keep up! frame_time 33 ms, split 35 ms
00:39:48 1250 GameManager::run(): Can't keep up! frame_time 33 ms, split 41 ms
00:39:48 1251 GameManager::run(): Can't keep up! frame_time 33 ms, split 41 ms
00:39:48 1252 GameManager::run(): Can't keep up! frame_time 33 ms, split 37 ms
00:39:48 1253 GameManager::run(): Can't keep up! frame_time 33 ms, split 33 ms
00:39:48 1254 GameManager::run(): Can't keep up! frame_time 33 ms, split 36 ms
00:39:48 1255 GameManager::run(): Can't keep up! frame_time 33 ms, split 39 ms
00:39:48 1256 GameManager::run(): Can't keep up! frame_time 33 ms, split 43 ms
00:39:48 1259 GameManager::run(): Can't keep up! frame_time 33 ms, split 36 ms
00:39:48 1260 GameManager::run(): Can't keep up! frame_time 33 ms, split 40 ms
00:39:48 1261 GameManager::run(): Can't keep up! frame_time 33 ms, split 39 ms
00:39:48 1262 GameManager::run(): Can't keep up! frame_time 33 ms, split 38 ms
00:39:49 1263 GameManager::run(): Can't keep up! frame_time 33 ms, split 33 ms
00:39:50 1296 GameManager::run(): Can't keep up! frame_time 33 ms, split 33 ms
00:39:50 1297 GameManager::run(): Can't keep up! frame_time 33 ms, split 35 ms
00:39:50 1317 GameManager::run(): Can't keep up! frame_time 33 ms, split 34 ms
00:39:50 1318 GameManager::run(): Can't keep up! frame_time 33 ms, split 36 ms
00:39:50 1319 GameManager::run(): Can't keep up! frame_time 33 ms, split 42 ms
00:39:50 1320 GameManager::run(): Can't keep up! frame_time 33 ms, split 38 ms
00:39:51 1323 GameManager::run(): Can't keep up! frame_time 33 ms, split 40 ms
00:39:51 1324 GameManager::run(): Can't keep up! frame_time 33 ms, split 39 ms
00:39:51 1340 GameManager::run(): Can't keep up! frame_time 33 ms, split 43 ms
00:39:51 1341 GameManager::run(): Can't keep up! frame_time 33 ms, split 40 ms
00:39:51 1342 GameManager::run(): Can't keep up! frame_time 33 ms, split 44 ms
00:39:51 1346 GameManager::run(): Can't keep up! frame_time 33 ms, split 33 ms
00:39:51 1347 GameManager::run(): Can't keep up! frame_time 33 ms, split 35 ms
00:39:51 1348 GameManager::run(): Can't keep up! frame_time 33 ms, split 37 ms
00:39:51 1349 GameManager::run(): Can't keep up! frame_time 33 ms, split 35 ms
00:39:52 1350 GameManager::run(): Can't keep up! frame_time 33 ms, split 36 ms
00:39:52 1351 GameManager::run(): Can't keep up! frame_time 33 ms, split 41 ms
00:39:52 1354 GameManager::run(): Can't keep up! frame_time 33 ms, split 33 ms
00:39:52 1355 GameManager::run(): Can't keep up! frame_time 33 ms, split 37 ms
00:39:52 1356 GameManager::run(): Can't keep up! frame_time 33 ms, split 41 ms
00:39:52 1359 GameManager::run(): Can't keep up! frame_time 33 ms, split 38 ms
00:39:52 1360 GameManager::run(): Can't keep up! frame_time 33 ms, split 38 ms
00:39:52 1363 GameManager::run(): Can't keep up! frame_time 33 ms, split 37 ms
00:39:52 1364 GameManager::run(): Can't keep up! frame_time 33 ms, split 39 ms
00:39:52 1369 GameManager::run(): Can't keep up! frame_time 33 ms, split 48 ms
00:39:52 1370 GameManager::run(): Can't keep up! frame_time 33 ms, split 35 ms
00:39:52 1371 GameManager::run(): Can't keep up! frame_time 33 ms, split 33 ms
00:39:52 1375 GameManager::run(): Can't keep up! frame_time 33 ms, split 34 ms
00:39:52 1376 GameManager::run(): Can't keep up! frame_time 33 ms, split 33 ms
00:39:53 1379 GameManager::run(): Can't keep up! frame_time 33 ms, split 37 ms
00:39:53 1381 GameManager::run(): Can't keep up! frame_time 33 ms, split 38 ms
00:39:53 1392 GameManager::run(): Can't keep up! frame_time 33 ms, split 36 ms
00:39:53 1393 GameManager::run(): Can't keep up! frame_time 33 ms, split 37 ms
00:39:53 1403 GameManager::run(): Can't keep up! frame_time 33 ms, split 35 ms
00:39:53 1404 GameManager::run(): Can't keep up! frame_time 33 ms, split 33 ms
00:39:54 1432 GameManager::run(): Can't keep up! frame_time 33 ms, split 38 ms
00:39:54 1433 GameManager::run(): Can't keep up! frame_time 33 ms, split 44 ms
00:39:55 1438 GameManager::run(): Can't keep up! frame_time 33 ms, split 35 ms
00:39:55 1441 GameManager::run(): Can't keep up! frame_time 33 ms, split 40 ms
00:39:55 1446 GameManager::run(): Can't keep up! frame_time 33 ms, split 40 ms
00:39:55 1447 GameManager::run(): Can't keep up! frame_time 33 ms, split 37 ms
00:39:55 1453 GameManager::run(): Can't keep up! frame_time 33 ms, split 36 ms
00:39:55 1462 GameManager::run(): Can't keep up! frame_time 33 ms, split 42 ms
00:39:55 1463 GameManager::run(): Can't keep up! frame_time 33 ms, split 36 ms
00:39:56 1468 GameManager::run(): Can't keep up! frame_time 33 ms, split 43 ms
00:39:56 1469 GameManager::run(): Can't keep up! frame_time 33 ms, split 39 ms
00:39:56 1470 GameManager::run(): Can't keep up! frame_time 33 ms, split 40 ms
00:39:56 1471 GameManager::run(): Can't keep up! frame_time 33 ms, split 41 ms
00:39:56 1474 GameManager::run(): Can't keep up! frame_time 33 ms, split 40 ms
00:39:56 1475 GameManager::run(): Can't keep up! frame_time 33 ms, split 36 ms
00:39:56 1476 GameManager::run(): Can't keep up! frame_time 33 ms, split 38 ms
00:39:56 1477 GameManager::run(): Can't keep up! frame_time 33 ms, split 39 ms
00:39:56 1478 GameManager::run(): Can't keep up! frame_time 33 ms, split 39 ms
00:39:56 1479 GameManager::run(): Can't keep up! frame_time 33 ms, split 41 ms
00:39:56 1480 GameManager::run(): Can't keep up! frame_time 33 ms, split 37 ms
00:39:56 1481 GameManager::run(): Can't keep up! frame_time 33 ms, split 37 ms
00:39:56 1482 GameManager::run(): Can't keep up! frame_time 33 ms, split 37 ms
00:39:56 1485 GameManager::run(): Can't keep up! frame_time 33 ms, split 38 ms
00:39:56 1486 GameManager::run(): Can't keep up! frame_time 33 ms, split 34 ms
00:39:56 1487 GameManager::run(): Can't keep up! frame_time 33 ms, split 43 ms
00:39:56 1488 GameManager::run(): Can't keep up! frame_time 33 ms, split 47 ms
00:39:57 1489 GameManager::run(): Can't keep up! frame_time 33 ms, split 44 ms
00:39:57 1490 GameManager::run(): Can't keep up! frame_time 33 ms, split 45 ms
00:39:57 1491 GameManager::run(): Can't keep up! frame_time 33 ms, split 36 ms
00:39:57 1492 GameManager::run(): Can't keep up! frame_time 33 ms, split 36 ms
00:39:57 1493 GameManager::run(): Can't keep up! frame_time 33 ms, split 42 ms
00:39:57 1494 GameManager::run(): Can't keep up! frame_time 33 ms, split 39 ms
00:39:57 1495 GameManager::run(): Can't keep up! frame_time 33 ms, split 39 ms
00:39:57 1496 GameManager::run(): Can't keep up! frame_time 33 ms, split 40 ms
00:39:57 1497 GameManager::run(): Can't keep up! frame_time 33 ms, split 36 ms
00:39:57 1498 GameManager::run(): Can't keep up! frame_time 33 ms, split 35 ms
00:39:57 1501 GameManager::run(): Can't keep up! frame_time 33 ms, split 42 ms
00:39:57 1514 GameManager::run(): Can't keep up! frame_time 33 ms, split 35 ms
00:39:57 1515 GameManager::run(): Can't keep up! frame_time 33 ms, split 39 ms
00:39:58 1522 GameManager::run(): Can't keep up! frame_time 33 ms, split 39 ms
00:39:58 1523 GameManager::run(): Can't keep up! frame_time 33 ms, split 33 ms
00:39:58 1524 GameManager::run(): Can't keep up! frame_time 33 ms, split 35 ms
00:39:58 1525 GameManager::run(): Can't keep up! frame_time 33 ms, split 38 ms
00:39:58 1526 GameManager::run(): Can't keep up! frame_time 33 ms, split 35 ms
00:39:58 1527 GameManager::run(): Can't keep up! frame_time 33 ms, split 39 ms
00:39:58 1528 GameManager::run(): Can't keep up! frame_time 33 ms, split 39 ms
00:39:58 1529 GameManager::run(): Can't keep up! frame_time 33 ms, split 38 ms
00:39:58 1530 GameManager::run(): Can't keep up! frame_time 33 ms, split 34 ms
00:39:58 1531 GameManager::run(): Can't keep up! frame_time 33 ms, split 37 ms
00:39:58 1532 GameManager::run(): Can't keep up! frame_time 33 ms, split 37 ms
00:39:58 1533 GameManager::run(): Can't keep up! frame_time 33 ms, split 35 ms
00:39:58 1534 GameManager::run(): Can't keep up! frame_time 33 ms, split 33 ms
00:39:58 1540 GameManager::run(): Can't keep up! frame_time 33 ms, split 38 ms
00:39:58 1541 GameManager::run(): Can't keep up! frame_time 33 ms, split 37 ms
00:39:58 1542 GameManager::run(): Can't keep up! frame_time 33 ms, split 47 ms
00:39:58 1543 GameManager::run(): Can't keep up! frame_time 33 ms, split 37 ms
00:39:58 1544 GameManager::run(): Can't keep up! frame_time 33 ms, split 37 ms
00:39:59 1549 GameManager::run(): Can't keep up! frame_time 33 ms, split 37 ms
00:39:59 1550 GameManager::run(): Can't keep up! frame_time 33 ms, split 37 ms
00:39:59 1551 GameManager::run(): Can't keep up! frame_time 33 ms, split 41 ms
00:39:59 1552 GameManager::run(): Can't keep up! frame_time 33 ms, split 34 ms
00:39:59 1572 GameManager::run(): Can't keep up! frame_time 33 ms, split 38 ms
00:40:00 1586 GameManager::run(): Can't keep up! frame_time 33 ms, split 35 ms
00:40:00 1594 GameManager::run(): Can't keep up! frame_time 33 ms, split 36 ms
00:40:00 1599 GameManager::run(): Can't keep up! frame_time 33 ms, split 39 ms
00:40:00 1600 GameManager::run(): Can't keep up! frame_time 33 ms, split 37 ms
00:40:00 1601 GameManager::run(): Can't keep up! frame_time 33 ms, split 45 ms
00:40:01 1602 GameManager::run(): Can't keep up! frame_time 33 ms, split 38 ms
00:40:01 1603 GameManager::run(): Can't keep up! frame_time 33 ms, split 40 ms
00:40:01 1606 GameManager::run(): Can't keep up! frame_time 33 ms, split 35 ms
00:40:01 1607 GameManager::run(): Can't keep up! frame_time 33 ms, split 36 ms
00:40:01 1608 GameManager::run(): Can't keep up! frame_time 33 ms, split 33 ms
00:40:01 1609 GameManager::run(): Can't keep up! frame_time 33 ms, split 41 ms
00:40:01 1610 GameManager::run(): Can't keep up! frame_time 33 ms, split 39 ms
00:40:01 1611 GameManager::run(): Can't keep up! frame_time 33 ms, split 33 ms
00:40:01 1612 GameManager::run(): Can't keep up! frame_time 33 ms, split 33 ms
00:40:01 1613 GameManager::run(): Can't keep up! frame_time 33 ms, split 35 ms
00:40:01 1618 GameManager::run(): Can't keep up! frame_time 33 ms, split 34 ms
00:40:01 1619 GameManager::run(): Can't keep up! frame_time 33 ms, split 33 ms
00:40:01 1620 GameManager::run(): Can't keep up! frame_time 33 ms, split 35 ms
00:40:01 1621 GameManager::run(): Can't keep up! frame_time 33 ms, split 43 ms
00:40:01 1622 GameManager::run(): Can't keep up! frame_time 33 ms, split 39 ms
00:40:01 1628 GameManager::run(): Can't keep up! frame_time 33 ms, split 36 ms
00:40:01 1629 GameManager::run(): Can't keep up! frame_time 33 ms, split 33 ms
00:40:02 1632 GameManager::run(): Can't keep up! frame_time 33 ms, split 37 ms
00:40:02 1635 GameManager::run(): Can't keep up! frame_time 33 ms, split 42 ms
00:40:02 1641 GameManager::run(): Can't keep up! frame_time 33 ms, split 37 ms
00:40:02 1653 GameManager::run(): Can't keep up! frame_time 33 ms, split 38 ms
00:40:02 1654 GameManager::run(): Can't keep up! frame_time 33 ms, split 47 ms
00:40:02 1655 GameManager::run(): Can't keep up! frame_time 33 ms, split 33 ms
00:40:03 1658 GameManager::run(): Can't keep up! frame_time 33 ms, split 35 ms
00:40:03 1680 GameManager::run(): Can't keep up! frame_time 33 ms, split 38 ms
00:40:03 1681 GameManager::run(): Can't keep up! frame_time 33 ms, split 34 ms
00:40:03 1682 GameManager::run(): Can't keep up! frame_time 33 ms, split 38 ms
00:40:04 1713 GameManager::run(): Can't keep up! frame_time 33 ms, split 33 ms
00:40:08 1806 GameManager::run(): Can't keep up! frame_time 33 ms, split 38 ms
